  main.cpp
  Enemy.cpp
  Entity.cpp
C:\Users\ldomingues\Documents\GitHub\Projet-Zelda-Like-2D\Projet Zelda-Like 2D\src\Entity.cpp(7,40): warning C4244: 'argument' : conversion de 'int' en 'T', perte possible de données
C:\Users\ldomingues\Documents\GitHub\Projet-Zelda-Like-2D\Projet Zelda-Like 2D\src\Entity.cpp(7,40): warning C4244:         with
C:\Users\ldomingues\Documents\GitHub\Projet-Zelda-Like-2D\Projet Zelda-Like 2D\src\Entity.cpp(7,40): warning C4244:         [
C:\Users\ldomingues\Documents\GitHub\Projet-Zelda-Like-2D\Projet Zelda-Like 2D\src\Entity.cpp(7,40): warning C4244:             T=float
C:\Users\ldomingues\Documents\GitHub\Projet-Zelda-Like-2D\Projet Zelda-Like 2D\src\Entity.cpp(7,40): warning C4244:         ]
C:\Users\ldomingues\Documents\GitHub\Projet-Zelda-Like-2D\Projet Zelda-Like 2D\src\Entity.cpp(7,28): warning C4244: 'argument' : conversion de 'int' en 'T', perte possible de données
C:\Users\ldomingues\Documents\GitHub\Projet-Zelda-Like-2D\Projet Zelda-Like 2D\src\Entity.cpp(7,28): warning C4244:         with
C:\Users\ldomingues\Documents\GitHub\Projet-Zelda-Like-2D\Projet Zelda-Like 2D\src\Entity.cpp(7,28): warning C4244:         [
C:\Users\ldomingues\Documents\GitHub\Projet-Zelda-Like-2D\Projet Zelda-Like 2D\src\Entity.cpp(7,28): warning C4244:             T=float
C:\Users\ldomingues\Documents\GitHub\Projet-Zelda-Like-2D\Projet Zelda-Like 2D\src\Entity.cpp(7,28): warning C4244:         ]
C:\Users\ldomingues\Documents\GitHub\Projet-Zelda-Like-2D\Projet Zelda-Like 2D\src\Entity.cpp(9,46): warning C4244: 'argument' : conversion de 'int' en 'float', perte possible de données
C:\Users\ldomingues\Documents\GitHub\Projet-Zelda-Like-2D\Projet Zelda-Like 2D\src\Entity.cpp(9,31): warning C4244: 'argument' : conversion de 'int' en 'float', perte possible de données
  Game.cpp
  GameState.cpp
  Map.cpp
C:\Users\ldomingues\Documents\GitHub\Projet-Zelda-Like-2D\Projet Zelda-Like 2D\src\Map.cpp(47,48): warning C4244: 'argument' : conversion de 'size_t' en 'float', perte possible de données
C:\Users\ldomingues\Documents\GitHub\Projet-Zelda-Like-2D\Projet Zelda-Like 2D\src\Map.cpp(47,34): warning C4244: 'argument' : conversion de 'size_t' en 'float', perte possible de données
  MenuState.cpp
C:\Users\ldomingues\Documents\GitHub\Projet-Zelda-Like-2D\Projet Zelda-Like 2D\src\MenuState.cpp(40,75): warning C4244: 'argument' : conversion de 'T' en 'T', perte possible de données
C:\Users\ldomingues\Documents\GitHub\Projet-Zelda-Like-2D\Projet Zelda-Like 2D\src\MenuState.cpp(40,75): warning C4244:         with
C:\Users\ldomingues\Documents\GitHub\Projet-Zelda-Like-2D\Projet Zelda-Like 2D\src\MenuState.cpp(40,75): warning C4244:         [
C:\Users\ldomingues\Documents\GitHub\Projet-Zelda-Like-2D\Projet Zelda-Like 2D\src\MenuState.cpp(40,75): warning C4244:             T=int
C:\Users\ldomingues\Documents\GitHub\Projet-Zelda-Like-2D\Projet Zelda-Like 2D\src\MenuState.cpp(40,75): warning C4244:         ]
C:\Users\ldomingues\Documents\GitHub\Projet-Zelda-Like-2D\Projet Zelda-Like 2D\src\MenuState.cpp(40,75): warning C4244:         and
C:\Users\ldomingues\Documents\GitHub\Projet-Zelda-Like-2D\Projet Zelda-Like 2D\src\MenuState.cpp(40,75): warning C4244:         [
C:\Users\ldomingues\Documents\GitHub\Projet-Zelda-Like-2D\Projet Zelda-Like 2D\src\MenuState.cpp(40,75): warning C4244:             T=float
C:\Users\ldomingues\Documents\GitHub\Projet-Zelda-Like-2D\Projet Zelda-Like 2D\src\MenuState.cpp(40,75): warning C4244:         ]
C:\Users\ldomingues\Documents\GitHub\Projet-Zelda-Like-2D\Projet Zelda-Like 2D\src\MenuState.cpp(40,63): warning C4244: 'argument' : conversion de 'T' en 'T', perte possible de données
C:\Users\ldomingues\Documents\GitHub\Projet-Zelda-Like-2D\Projet Zelda-Like 2D\src\MenuState.cpp(40,63): warning C4244:         with
C:\Users\ldomingues\Documents\GitHub\Projet-Zelda-Like-2D\Projet Zelda-Like 2D\src\MenuState.cpp(40,63): warning C4244:         [
C:\Users\ldomingues\Documents\GitHub\Projet-Zelda-Like-2D\Projet Zelda-Like 2D\src\MenuState.cpp(40,63): warning C4244:             T=int
C:\Users\ldomingues\Documents\GitHub\Projet-Zelda-Like-2D\Projet Zelda-Like 2D\src\MenuState.cpp(40,63): warning C4244:         ]
C:\Users\ldomingues\Documents\GitHub\Projet-Zelda-Like-2D\Projet Zelda-Like 2D\src\MenuState.cpp(40,63): warning C4244:         and
C:\Users\ldomingues\Documents\GitHub\Projet-Zelda-Like-2D\Projet Zelda-Like 2D\src\MenuState.cpp(40,63): warning C4244:         [
C:\Users\ldomingues\Documents\GitHub\Projet-Zelda-Like-2D\Projet Zelda-Like 2D\src\MenuState.cpp(40,63): warning C4244:             T=float
C:\Users\ldomingues\Documents\GitHub\Projet-Zelda-Like-2D\Projet Zelda-Like 2D\src\MenuState.cpp(40,63): warning C4244:         ]
  Physics.cpp
  Player.cpp
C:\Users\ldomingues\Documents\GitHub\Projet-Zelda-Like-2D\Projet Zelda-Like 2D\src\Player.cpp(125,12): warning C4244: 'return' : conversion de 'const int' en 'float', perte possible de données
  Renderer.cpp
  State.cpp
  ThreadManager.cpp
  Génération de code en cours
  536 of 550 functions (97.5%) were compiled, the rest were copied from previous compilation.
    0 functions were new in current compilation
    2 functions had inline decision re-evaluated but remain unchanged
  Fin de la génération du code
  Projet Zelda-Like 2D.vcxproj -> C:\Users\ldomingues\Documents\GitHub\Projet-Zelda-Like-2D\x64\Release\Projet Zelda-Like 2D.exe
